<?xml version="1.0" encoding="UTF-8"?>
<testng-results ignored="0" total="1" passed="1" failed="0" skipped="0">
  <reporter-output>
  </reporter-output>
  <suite started-at="2025-06-07T00:23:49 IST" name="Default suite" finished-at="2025-06-07T00:24:20 IST" duration-ms="30987">
    <groups>
    </groups>
    <test started-at="2025-06-07T00:23:49 IST" name="Default test" finished-at="2025-06-07T00:24:20 IST" duration-ms="30987">
      <class name="ecommerceapp.FrameworkProjectTest">
        <test-method is-config="true" signature="lounchApp()[pri:0, instance:ecommerceapp.FrameworkProjectTest@36ebc363]" started-at="2025-06-07T00:23:49 IST" name="lounchApp" finished-at="2025-06-07T00:23:54 IST" duration-ms="4945" status="PASS">
          <reporter-output>
          </reporter-output>
        </test-method> <!-- lounchApp -->
        <test-method signature="submitOrder()[pri:0, instance:ecommerceapp.FrameworkProjectTest@36ebc363]" started-at="2025-06-07T00:23:54 IST" name="submitOrder" finished-at="2025-06-07T00:24:16 IST" duration-ms="21713" status="PASS">
          <reporter-output>
          </reporter-output>
        </test-method> <!-- submitOrder -->
        <test-method is-config="true" signature="tearDown()[pri:0, instance:ecommerceapp.FrameworkProjectTest@36ebc363]" started-at="2025-06-07T00:24:16 IST" name="tearDown" finished-at="2025-06-07T00:24:20 IST" duration-ms="4247" status="PASS">
          <reporter-output>
          </reporter-output>
        </test-method> <!-- tearDown -->
      </class> <!-- ecommerceapp.FrameworkProjectTest -->
    </test> <!-- Default test -->
  </suite> <!-- Default suite -->
</testng-results>
