<?xml version="1.0" encoding="UTF-8"?>
<testng-results ignored="0" total="1" passed="1" failed="0" skipped="0">
  <reporter-output>
  </reporter-output>
  <suite started-at="2025-06-06T23:33:30 IST" name="Default suite" finished-at="2025-06-06T23:33:56 IST" duration-ms="25716">
    <groups>
    </groups>
    <test started-at="2025-06-06T23:33:30 IST" name="Default test" finished-at="2025-06-06T23:33:56 IST" duration-ms="25716">
      <class name="ecommerceapp.FrameworkProjectTest">
        <test-method is-config="true" signature="lounchApp()[pri:0, instance:ecommerceapp.FrameworkProjectTest@36ebc363]" started-at="2025-06-06T23:33:30 IST" name="lounchApp" finished-at="2025-06-06T23:33:35 IST" duration-ms="4958" status="PASS">
          <reporter-output>
          </reporter-output>
        </test-method> <!-- lounchApp -->
        <test-method signature="submitOrder()[pri:0, instance:ecommerceapp.FrameworkProjectTest@36ebc363]" started-at="2025-06-06T23:33:35 IST" name="submitOrder" finished-at="2025-06-06T23:33:53 IST" duration-ms="17948" status="PASS">
          <reporter-output>
          </reporter-output>
        </test-method> <!-- submitOrder -->
        <test-method is-config="true" signature="tearDown()[pri:0, instance:ecommerceapp.FrameworkProjectTest@36ebc363]" started-at="2025-06-06T23:33:53 IST" name="tearDown" finished-at="2025-06-06T23:33:56 IST" duration-ms="2717" status="PASS">
          <reporter-output>
          </reporter-output>
        </test-method> <!-- tearDown -->
      </class> <!-- ecommerceapp.FrameworkProjectTest -->
    </test> <!-- Default test -->
  </suite> <!-- Default suite -->
</testng-results>
